<?xml version="1.0" encoding="UTF-8"?>
<testsuite xmlns:xsi="http://www.w3.org/2001/XMLSchema-instance" xsi:noNamespaceSchemaLocation="https://maven.apache.org/surefire/maven-surefire-plugin/xsd/surefire-test-report-3.0.xsd" version="3.0" name="ProductoControllerTest" time="5.905" tests="3" errors="0" skipped="0" failures="0">
  <properties>
[...]
</properties>
  <testcase name="testInsertarProductoEmptyFields" classname="ProductoControllerTest" time="4.366"/>
  <testcase name="testInsertarProductoSuccess" classname="ProductoControllerTest" time="0.93"/>
  <testcase name="testInsertarProductoError" classname="ProductoControllerTest" time="0.55"/>
</testsuite>